{"/Users/loading/mycode/react-image-viewer/src/ImageControllerCreator/index.js": {"path":"/Users/loading/mycode/react-image-viewer/src/ImageControllerCreator/index.js","statementMap":{"0":{"start":{"line":12,"column":4},"end":{"line":12,"column":26}},"1":{"start":{"line":13,"column":4},"end":{"line":13,"column":45}},"2":{"start":{"line":14,"column":4},"end":{"line":14,"column":46}},"3":{"start":{"line":15,"column":4},"end":{"line":15,"column":48}},"4":{"start":{"line":16,"column":4},"end":{"line":16,"column":44}},"5":{"start":{"line":17,"column":4},"end":{"line":17,"column":46}},"6":{"start":{"line":21,"column":4},"end":{"line":21,"column":25}},"7":{"start":{"line":22,"column":4},"end":{"line":22,"column":44}},"8":{"start":{"line":26,"column":4},"end":{"line":26,"column":30}},"9":{"start":{"line":27,"column":22},"end":{"line":27,"column":33}},"10":{"start":{"line":34,"column":8},"end":{"line":34,"column":18}},"11":{"start":{"line":35,"column":4},"end":{"line":37,"column":58}},"12":{"start":{"line":38,"column":4},"end":{"line":40,"column":5}},"13":{"start":{"line":39,"column":6},"end":{"line":39,"column":32}},"14":{"start":{"line":41,"column":4},"end":{"line":41,"column":51}},"15":{"start":{"line":42,"column":4},"end":{"line":42,"column":51}},"16":{"start":{"line":46,"column":4},"end":{"line":49,"column":6}},"17":{"start":{"line":50,"column":4},"end":{"line":50,"column":49}},"18":{"start":{"line":51,"column":42},"end":{"line":51,"column":53}},"19":{"start":{"line":52,"column":57},"end":{"line":52,"column":67}},"20":{"start":{"line":53,"column":4},"end":{"line":55,"column":5}},"21":{"start":{"line":54,"column":6},"end":{"line":54,"column":19}},"22":{"start":{"line":56,"column":4},"end":{"line":59,"column":6}},"23":{"start":{"line":63,"column":20},"end":{"line":63,"column":24}},"24":{"start":{"line":64,"column":19},"end":{"line":64,"column":21}},"25":{"start":{"line":65,"column":59},"end":{"line":65,"column":69}},"26":{"start":{"line":66,"column":4},"end":{"line":73,"column":5}},"27":{"start":{"line":70,"column":6},"end":{"line":70,"column":25}},"28":{"start":{"line":71,"column":6},"end":{"line":71,"column":39}},"29":{"start":{"line":72,"column":6},"end":{"line":72,"column":24}},"30":{"start":{"line":74,"column":4},"end":{"line":80,"column":5}},"31":{"start":{"line":78,"column":6},"end":{"line":78,"column":25}},"32":{"start":{"line":79,"column":6},"end":{"line":79,"column":39}},"33":{"start":{"line":81,"column":4},"end":{"line":86,"column":5}},"34":{"start":{"line":82,"column":6},"end":{"line":82,"column":26}},"35":{"start":{"line":83,"column":6},"end":{"line":83,"column":27}},"36":{"start":{"line":85,"column":6},"end":{"line":85,"column":26}},"37":{"start":{"line":87,"column":4},"end":{"line":90,"column":6}},"38":{"start":{"line":94,"column":4},"end":{"line":94,"column":52}},"39":{"start":{"line":95,"column":4},"end":{"line":102,"column":7}},"40":{"start":{"line":103,"column":4},"end":{"line":103,"column":52}},"41":{"start":{"line":107,"column":30},"end":{"line":107,"column":40}},"42":{"start":{"line":108,"column":21},"end":{"line":108,"column":38}},"43":{"start":{"line":109,"column":4},"end":{"line":113,"column":5}},"44":{"start":{"line":110,"column":6},"end":{"line":110,"column":36}},"45":{"start":{"line":111,"column":11},"end":{"line":113,"column":5}},"46":{"start":{"line":112,"column":6},"end":{"line":112,"column":29}},"47":{"start":{"line":117,"column":4},"end":{"line":119,"column":7}},"48":{"start":{"line":123,"column":4},"end":{"line":126,"column":7}},"49":{"start":{"line":130,"column":4},"end":{"line":135,"column":7}}},"fnMap":{"0":{"name":"(anonymous_0)","decl":{"start":{"line":11,"column":2},"end":{"line":11,"column":3}},"loc":{"start":{"line":11,"column":36},"end":{"line":18,"column":3}},"line":11},"1":{"name":"(anonymous_1)","decl":{"start":{"line":20,"column":2},"end":{"line":20,"column":3}},"loc":{"start":{"line":20,"column":23},"end":{"line":23,"column":3}},"line":20},"2":{"name":"(anonymous_2)","decl":{"start":{"line":25,"column":2},"end":{"line":25,"column":3}},"loc":{"start":{"line":25,"column":16},"end":{"line":43,"column":3}},"line":25},"3":{"name":"(anonymous_3)","decl":{"start":{"line":45,"column":2},"end":{"line":45,"column":3}},"loc":{"start":{"line":45,"column":23},"end":{"line":60,"column":3}},"line":45},"4":{"name":"(anonymous_4)","decl":{"start":{"line":62,"column":2},"end":{"line":62,"column":3}},"loc":{"start":{"line":62,"column":35},"end":{"line":91,"column":3}},"line":62},"5":{"name":"(anonymous_5)","decl":{"start":{"line":93,"column":2},"end":{"line":93,"column":3}},"loc":{"start":{"line":93,"column":10},"end":{"line":104,"column":3}},"line":93},"6":{"name":"(anonymous_6)","decl":{"start":{"line":106,"column":2},"end":{"line":106,"column":3}},"loc":{"start":{"line":106,"column":24},"end":{"line":114,"column":3}},"line":106},"7":{"name":"(anonymous_7)","decl":{"start":{"line":116,"column":2},"end":{"line":116,"column":3}},"loc":{"start":{"line":116,"column":16},"end":{"line":120,"column":3}},"line":116},"8":{"name":"(anonymous_8)","decl":{"start":{"line":122,"column":2},"end":{"line":122,"column":3}},"loc":{"start":{"line":122,"column":15},"end":{"line":127,"column":3}},"line":122},"9":{"name":"(anonymous_9)","decl":{"start":{"line":129,"column":2},"end":{"line":129,"column":3}},"loc":{"start":{"line":129,"column":17},"end":{"line":136,"column":3}},"line":129}},"branchMap":{"0":{"loc":{"start":{"line":11,"column":23},"end":{"line":11,"column":34}},"type":"default-arg","locations":[{"start":{"line":11,"column":32},"end":{"line":11,"column":34}}],"line":11},"1":{"loc":{"start":{"line":38,"column":4},"end":{"line":40,"column":5}},"type":"if","locations":[{"start":{"line":38,"column":4},"end":{"line":40,"column":5}},{"start":{"line":38,"column":4},"end":{"line":40,"column":5}}],"line":38},"2":{"loc":{"start":{"line":53,"column":4},"end":{"line":55,"column":5}},"type":"if","locations":[{"start":{"line":53,"column":4},"end":{"line":55,"column":5}},{"start":{"line":53,"column":4},"end":{"line":55,"column":5}}],"line":53},"3":{"loc":{"start":{"line":53,"column":8},"end":{"line":53,"column":59}},"type":"binary-expr","locations":[{"start":{"line":53,"column":8},"end":{"line":53,"column":27}},{"start":{"line":53,"column":32},"end":{"line":53,"column":43}},{"start":{"line":53,"column":47},"end":{"line":53,"column":58}}],"line":53},"4":{"loc":{"start":{"line":66,"column":4},"end":{"line":73,"column":5}},"type":"if","locations":[{"start":{"line":66,"column":4},"end":{"line":73,"column":5}},{"start":{"line":66,"column":4},"end":{"line":73,"column":5}}],"line":66},"5":{"loc":{"start":{"line":67,"column":6},"end":{"line":68,"column":61}},"type":"binary-expr","locations":[{"start":{"line":67,"column":6},"end":{"line":67,"column":46}},{"start":{"line":68,"column":6},"end":{"line":68,"column":61}}],"line":67},"6":{"loc":{"start":{"line":74,"column":4},"end":{"line":80,"column":5}},"type":"if","locations":[{"start":{"line":74,"column":4},"end":{"line":80,"column":5}},{"start":{"line":74,"column":4},"end":{"line":80,"column":5}}],"line":74},"7":{"loc":{"start":{"line":75,"column":6},"end":{"line":76,"column":61}},"type":"binary-expr","locations":[{"start":{"line":75,"column":6},"end":{"line":75,"column":46}},{"start":{"line":76,"column":6},"end":{"line":76,"column":61}}],"line":75},"8":{"loc":{"start":{"line":81,"column":4},"end":{"line":86,"column":5}},"type":"if","locations":[{"start":{"line":81,"column":4},"end":{"line":86,"column":5}},{"start":{"line":81,"column":4},"end":{"line":86,"column":5}}],"line":81},"9":{"loc":{"start":{"line":81,"column":8},"end":{"line":81,"column":65}},"type":"binary-expr","locations":[{"start":{"line":81,"column":8},"end":{"line":81,"column":18}},{"start":{"line":81,"column":22},"end":{"line":81,"column":40}},{"start":{"line":81,"column":44},"end":{"line":81,"column":65}}],"line":81},"10":{"loc":{"start":{"line":107,"column":12},"end":{"line":107,"column":25}},"type":"default-arg","locations":[{"start":{"line":107,"column":24},"end":{"line":107,"column":25}}],"line":107},"11":{"loc":{"start":{"line":109,"column":4},"end":{"line":113,"column":5}},"type":"if","locations":[{"start":{"line":109,"column":4},"end":{"line":113,"column":5}},{"start":{"line":109,"column":4},"end":{"line":113,"column":5}}],"line":109},"12":{"loc":{"start":{"line":109,"column":8},"end":{"line":109,"column":38}},"type":"binary-expr","locations":[{"start":{"line":109,"column":8},"end":{"line":109,"column":22}},{"start":{"line":109,"column":26},"end":{"line":109,"column":38}}],"line":109},"13":{"loc":{"start":{"line":111,"column":11},"end":{"line":113,"column":5}},"type":"if","locations":[{"start":{"line":111,"column":11},"end":{"line":113,"column":5}},{"start":{"line":111,"column":11},"end":{"line":113,"column":5}}],"line":111}},"s":{"0":0,"1":0,"2":0,"3":0,"4":0,"5":0,"6":0,"7":0,"8":0,"9":0,"10":0,"11":0,"12":0,"13":0,"14":0,"15":0,"16":0,"17":0,"18":0,"19":0,"20":0,"21":0,"22":0,"23":0,"24":0,"25":0,"26":0,"27":0,"28":0,"29":0,"30":0,"31":0,"32":0,"33":0,"34":0,"35":0,"36":0,"37":0,"38":0,"39":0,"40":0,"41":0,"42":0,"43":0,"44":0,"45":0,"46":0,"47":0,"48":0,"49":0},"f":{"0":0,"1":0,"2":0,"3":0,"4":0,"5":0,"6":0,"7":0,"8":0,"9":0},"b":{"0":[0],"1":[0,0],"2":[0,0],"3":[0,0,0],"4":[0,0],"5":[0,0],"6":[0,0],"7":[0,0],"8":[0,0],"9":[0,0,0],"10":[0],"11":[0,0],"12":[0,0],"13":[0,0]},"_coverageSchema":"332fd63041d2c1bcb487cc26dd0d5f7d97098a6c","hash":"ccc7e5f62c31e4bc4fd03603ce3ea3b5c0682a0d"}
,"/Users/loading/mycode/react-image-viewer/src/ImageSlides/index.jsx": {"path":"/Users/loading/mycode/react-image-viewer/src/ImageSlides/index.jsx","statementMap":{"0":{"start":{"line":9,"column":21},"end":{"line":9,"column":23}},"1":{"start":{"line":27,"column":38},"end":{"line":27,"column":48}},"2":{"start":{"line":28,"column":4},"end":{"line":31,"column":7}},"3":{"start":{"line":32,"column":4},"end":{"line":32,"column":52}},"4":{"start":{"line":36,"column":30},"end":{"line":36,"column":40}},"5":{"start":{"line":37,"column":51},"end":{"line":37,"column":59}},"6":{"start":{"line":38,"column":4},"end":{"line":42,"column":5}},"7":{"start":{"line":39,"column":6},"end":{"line":41,"column":9}},"8":{"start":{"line":43,"column":4},"end":{"line":47,"column":5}},"9":{"start":{"line":44,"column":6},"end":{"line":46,"column":9}},"10":{"start":{"line":51,"column":4},"end":{"line":89,"column":5}},"11":{"start":{"line":52,"column":35},"end":{"line":52,"column":45}},"12":{"start":{"line":53,"column":30},"end":{"line":53,"column":53}},"13":{"start":{"line":54,"column":6},"end":{"line":54,"column":28}},"14":{"start":{"line":55,"column":6},"end":{"line":55,"column":49}},"15":{"start":{"line":56,"column":20},"end":{"line":56,"column":42}},"16":{"start":{"line":57,"column":6},"end":{"line":59,"column":7}},"17":{"start":{"line":58,"column":8},"end":{"line":58,"column":26}},"18":{"start":{"line":60,"column":6},"end":{"line":62,"column":9}},"19":{"start":{"line":61,"column":8},"end":{"line":61,"column":30}},"20":{"start":{"line":63,"column":6},"end":{"line":63,"column":60}},"21":{"start":{"line":64,"column":6},"end":{"line":88,"column":9}},"22":{"start":{"line":65,"column":29},"end":{"line":65,"column":62}},"23":{"start":{"line":66,"column":8},"end":{"line":81,"column":9}},"24":{"start":{"line":67,"column":10},"end":{"line":73,"column":11}},"25":{"start":{"line":68,"column":12},"end":{"line":69,"column":74}},"26":{"start":{"line":70,"column":17},"end":{"line":73,"column":11}},"27":{"start":{"line":71,"column":12},"end":{"line":72,"column":70}},"28":{"start":{"line":74,"column":10},"end":{"line":74,"column":22}},"29":{"start":{"line":75,"column":15},"end":{"line":81,"column":9}},"30":{"start":{"line":76,"column":10},"end":{"line":76,"column":80}},"31":{"start":{"line":77,"column":10},"end":{"line":79,"column":11}},"32":{"start":{"line":78,"column":12},"end":{"line":78,"column":42}},"33":{"start":{"line":80,"column":10},"end":{"line":80,"column":22}},"34":{"start":{"line":82,"column":8},"end":{"line":82,"column":38}},"35":{"start":{"line":83,"column":8},"end":{"line":85,"column":45}},"36":{"start":{"line":86,"column":8},"end":{"line":86,"column":38}},"37":{"start":{"line":87,"column":8},"end":{"line":87,"column":30}},"38":{"start":{"line":93,"column":4},"end":{"line":95,"column":5}},"39":{"start":{"line":94,"column":6},"end":{"line":94,"column":31}},"40":{"start":{"line":99,"column":4},"end":{"line":99,"column":25}},"41":{"start":{"line":103,"column":22},"end":{"line":103,"column":32}},"42":{"start":{"line":104,"column":23},"end":{"line":104,"column":33}},"43":{"start":{"line":105,"column":23},"end":{"line":105,"column":76}},"44":{"start":{"line":106,"column":23},"end":{"line":106,"column":52}},"45":{"start":{"line":107,"column":17},"end":{"line":107,"column":60}},"46":{"start":{"line":108,"column":4},"end":{"line":112,"column":5}},"47":{"start":{"line":109,"column":6},"end":{"line":109,"column":21}},"48":{"start":{"line":110,"column":11},"end":{"line":112,"column":5}},"49":{"start":{"line":111,"column":6},"end":{"line":111,"column":37}},"50":{"start":{"line":113,"column":4},"end":{"line":113,"column":18}},"51":{"start":{"line":117,"column":4},"end":{"line":117,"column":25}},"52":{"start":{"line":118,"column":19},"end":{"line":118,"column":46}},"53":{"start":{"line":119,"column":18},"end":{"line":119,"column":64}},"54":{"start":{"line":120,"column":4},"end":{"line":120,"column":67}},"55":{"start":{"line":122,"column":6},"end":{"line":123,"column":74}},"56":{"start":{"line":124,"column":4},"end":{"line":124,"column":56}},"57":{"start":{"line":128,"column":33},"end":{"line":128,"column":43}},"58":{"start":{"line":129,"column":4},"end":{"line":131,"column":5}},"59":{"start":{"line":130,"column":6},"end":{"line":130,"column":38}},"60":{"start":{"line":132,"column":28},"end":{"line":145,"column":6}},"61":{"start":{"line":136,"column":8},"end":{"line":138,"column":9}},"62":{"start":{"line":137,"column":10},"end":{"line":137,"column":74}},"63":{"start":{"line":141,"column":8},"end":{"line":143,"column":9}},"64":{"start":{"line":142,"column":10},"end":{"line":142,"column":73}},"65":{"start":{"line":146,"column":28},"end":{"line":146,"column":65}},"66":{"start":{"line":147,"column":4},"end":{"line":149,"column":7}},"67":{"start":{"line":148,"column":6},"end":{"line":148,"column":35}},"68":{"start":{"line":150,"column":4},"end":{"line":152,"column":7}},"69":{"start":{"line":151,"column":6},"end":{"line":151,"column":49}},"70":{"start":{"line":153,"column":4},"end":{"line":160,"column":7}},"71":{"start":{"line":154,"column":6},"end":{"line":159,"column":7}},"72":{"start":{"line":155,"column":8},"end":{"line":155,"column":32}},"73":{"start":{"line":157,"column":8},"end":{"line":157,"column":44}},"74":{"start":{"line":158,"column":8},"end":{"line":158,"column":38}},"75":{"start":{"line":161,"column":4},"end":{"line":163,"column":7}},"76":{"start":{"line":162,"column":6},"end":{"line":162,"column":36}},"77":{"start":{"line":167,"column":22},"end":{"line":167,"column":32}},"78":{"start":{"line":168,"column":23},"end":{"line":168,"column":33}},"79":{"start":{"line":169,"column":4},"end":{"line":177,"column":5}},"80":{"start":{"line":170,"column":6},"end":{"line":175,"column":8}},"81":{"start":{"line":176,"column":6},"end":{"line":176,"column":38}},"82":{"start":{"line":181,"column":22},"end":{"line":181,"column":32}},"83":{"start":{"line":182,"column":23},"end":{"line":182,"column":33}},"84":{"start":{"line":183,"column":4},"end":{"line":191,"column":5}},"85":{"start":{"line":184,"column":6},"end":{"line":189,"column":8}},"86":{"start":{"line":190,"column":6},"end":{"line":190,"column":38}},"87":{"start":{"line":195,"column":4},"end":{"line":198,"column":5}},"88":{"start":{"line":196,"column":6},"end":{"line":196,"column":70}},"89":{"start":{"line":197,"column":6},"end":{"line":197,"column":69}},"90":{"start":{"line":202,"column":4},"end":{"line":217,"column":5}},"91":{"start":{"line":203,"column":21},"end":{"line":203,"column":32}},"92":{"start":{"line":204,"column":6},"end":{"line":216,"column":9}},"93":{"start":{"line":205,"column":8},"end":{"line":205,"column":32}},"94":{"start":{"line":206,"column":8},"end":{"line":206,"column":32}},"95":{"start":{"line":207,"column":8},"end":{"line":207,"column":25}},"96":{"start":{"line":209,"column":8},"end":{"line":209,"column":74}},"97":{"start":{"line":210,"column":8},"end":{"line":215,"column":11}},"98":{"start":{"line":221,"column":22},"end":{"line":221,"column":32}},"99":{"start":{"line":222,"column":24},"end":{"line":222,"column":34}},"100":{"start":{"line":223,"column":4},"end":{"line":225,"column":7}},"101":{"start":{"line":226,"column":4},"end":{"line":226,"column":39}},"102":{"start":{"line":226,"column":17},"end":{"line":226,"column":39}},"103":{"start":{"line":230,"column":38},"end":{"line":230,"column":48}},"104":{"start":{"line":231,"column":23},"end":{"line":231,"column":33}},"105":{"start":{"line":232,"column":23},"end":{"line":232,"column":76}},"106":{"start":{"line":233,"column":23},"end":{"line":233,"column":52}},"107":{"start":{"line":235,"column":6},"end":{"line":241,"column":12}},"108":{"start":{"line":243,"column":4},"end":{"line":285,"column":13}},"109":{"start":{"line":265,"column":14},"end":{"line":280,"column":20}}},"fnMap":{"0":{"name":"(anonymous_0)","decl":{"start":{"line":26,"column":2},"end":{"line":26,"column":3}},"loc":{"start":{"line":26,"column":23},"end":{"line":33,"column":3}},"line":26},"1":{"name":"(anonymous_1)","decl":{"start":{"line":35,"column":2},"end":{"line":35,"column":3}},"loc":{"start":{"line":35,"column":38},"end":{"line":48,"column":3}},"line":35},"2":{"name":"(anonymous_2)","decl":{"start":{"line":50,"column":17},"end":{"line":50,"column":18}},"loc":{"start":{"line":50,"column":23},"end":{"line":90,"column":3}},"line":50},"3":{"name":"(anonymous_3)","decl":{"start":{"line":60,"column":39},"end":{"line":60,"column":40}},"loc":{"start":{"line":60,"column":45},"end":{"line":62,"column":7}},"line":60},"4":{"name":"(anonymous_4)","decl":{"start":{"line":64,"column":37},"end":{"line":64,"column":38}},"loc":{"start":{"line":64,"column":43},"end":{"line":88,"column":7}},"line":64},"5":{"name":"(anonymous_5)","decl":{"start":{"line":92,"column":15},"end":{"line":92,"column":16}},"loc":{"start":{"line":92,"column":21},"end":{"line":96,"column":3}},"line":92},"6":{"name":"(anonymous_6)","decl":{"start":{"line":98,"column":16},"end":{"line":98,"column":17}},"loc":{"start":{"line":98,"column":22},"end":{"line":100,"column":3}},"line":98},"7":{"name":"(anonymous_7)","decl":{"start":{"line":102,"column":2},"end":{"line":102,"column":3}},"loc":{"start":{"line":102,"column":19},"end":{"line":114,"column":3}},"line":102},"8":{"name":"(anonymous_8)","decl":{"start":{"line":116,"column":20},"end":{"line":116,"column":21}},"loc":{"start":{"line":116,"column":30},"end":{"line":125,"column":3}},"line":116},"9":{"name":"(anonymous_9)","decl":{"start":{"line":127,"column":2},"end":{"line":127,"column":3}},"loc":{"start":{"line":127,"column":22},"end":{"line":164,"column":3}},"line":127},"10":{"name":"(anonymous_10)","decl":{"start":{"line":135,"column":20},"end":{"line":135,"column":21}},"loc":{"start":{"line":135,"column":26},"end":{"line":139,"column":7}},"line":135},"11":{"name":"(anonymous_11)","decl":{"start":{"line":140,"column":21},"end":{"line":140,"column":22}},"loc":{"start":{"line":140,"column":27},"end":{"line":144,"column":7}},"line":140},"12":{"name":"(anonymous_12)","decl":{"start":{"line":147,"column":36},"end":{"line":147,"column":37}},"loc":{"start":{"line":147,"column":46},"end":{"line":149,"column":5}},"line":147},"13":{"name":"(anonymous_13)","decl":{"start":{"line":150,"column":32},"end":{"line":150,"column":33}},"loc":{"start":{"line":150,"column":41},"end":{"line":152,"column":5}},"line":150},"14":{"name":"(anonymous_14)","decl":{"start":{"line":153,"column":36},"end":{"line":153,"column":37}},"loc":{"start":{"line":153,"column":42},"end":{"line":160,"column":5}},"line":153},"15":{"name":"(anonymous_15)","decl":{"start":{"line":161,"column":35},"end":{"line":161,"column":36}},"loc":{"start":{"line":161,"column":41},"end":{"line":163,"column":5}},"line":161},"16":{"name":"(anonymous_16)","decl":{"start":{"line":166,"column":9},"end":{"line":166,"column":10}},"loc":{"start":{"line":166,"column":15},"end":{"line":178,"column":3}},"line":166},"17":{"name":"(anonymous_17)","decl":{"start":{"line":180,"column":9},"end":{"line":180,"column":10}},"loc":{"start":{"line":180,"column":15},"end":{"line":192,"column":3}},"line":180},"18":{"name":"(anonymous_18)","decl":{"start":{"line":194,"column":11},"end":{"line":194,"column":12}},"loc":{"start":{"line":194,"column":17},"end":{"line":199,"column":3}},"line":194},"19":{"name":"(anonymous_19)","decl":{"start":{"line":201,"column":2},"end":{"line":201,"column":3}},"loc":{"start":{"line":201,"column":15},"end":{"line":218,"column":3}},"line":201},"20":{"name":"(anonymous_20)","decl":{"start":{"line":204,"column":18},"end":{"line":204,"column":19}},"loc":{"start":{"line":204,"column":39},"end":{"line":208,"column":7}},"line":204},"21":{"name":"(anonymous_21)","decl":{"start":{"line":208,"column":14},"end":{"line":208,"column":15}},"loc":{"start":{"line":208,"column":20},"end":{"line":216,"column":7}},"line":208},"22":{"name":"(anonymous_22)","decl":{"start":{"line":220,"column":18},"end":{"line":220,"column":19}},"loc":{"start":{"line":220,"column":27},"end":{"line":227,"column":3}},"line":220},"23":{"name":"(anonymous_23)","decl":{"start":{"line":229,"column":2},"end":{"line":229,"column":3}},"loc":{"start":{"line":229,"column":11},"end":{"line":286,"column":3}},"line":229},"24":{"name":"(anonymous_24)","decl":{"start":{"line":264,"column":54},"end":{"line":264,"column":55}},"loc":{"start":{"line":265,"column":14},"end":{"line":280,"column":20}},"line":265}},"branchMap":{"0":{"loc":{"start":{"line":29,"column":13},"end":{"line":29,"column":38}},"type":"binary-expr","locations":[{"start":{"line":29,"column":13},"end":{"line":29,"column":18}},{"start":{"line":29,"column":22},"end":{"line":29,"column":38}}],"line":29},"1":{"loc":{"start":{"line":32,"column":24},"end":{"line":32,"column":49}},"type":"binary-expr","locations":[{"start":{"line":32,"column":24},"end":{"line":32,"column":29}},{"start":{"line":32,"column":33},"end":{"line":32,"column":49}}],"line":32},"2":{"loc":{"start":{"line":38,"column":4},"end":{"line":42,"column":5}},"type":"if","locations":[{"start":{"line":38,"column":4},"end":{"line":42,"column":5}},{"start":{"line":38,"column":4},"end":{"line":42,"column":5}}],"line":38},"3":{"loc":{"start":{"line":43,"column":4},"end":{"line":47,"column":5}},"type":"if","locations":[{"start":{"line":43,"column":4},"end":{"line":47,"column":5}},{"start":{"line":43,"column":4},"end":{"line":47,"column":5}}],"line":43},"4":{"loc":{"start":{"line":43,"column":8},"end":{"line":43,"column":38}},"type":"binary-expr","locations":[{"start":{"line":43,"column":8},"end":{"line":43,"column":16}},{"start":{"line":43,"column":20},"end":{"line":43,"column":38}}],"line":43},"5":{"loc":{"start":{"line":51,"column":4},"end":{"line":89,"column":5}},"type":"if","locations":[{"start":{"line":51,"column":4},"end":{"line":89,"column":5}},{"start":{"line":51,"column":4},"end":{"line":89,"column":5}}],"line":51},"6":{"loc":{"start":{"line":57,"column":6},"end":{"line":59,"column":7}},"type":"if","locations":[{"start":{"line":57,"column":6},"end":{"line":59,"column":7}},{"start":{"line":57,"column":6},"end":{"line":59,"column":7}}],"line":57},"7":{"loc":{"start":{"line":66,"column":8},"end":{"line":81,"column":9}},"type":"if","locations":[{"start":{"line":66,"column":8},"end":{"line":81,"column":9}},{"start":{"line":66,"column":8},"end":{"line":81,"column":9}}],"line":66},"8":{"loc":{"start":{"line":67,"column":10},"end":{"line":73,"column":11}},"type":"if","locations":[{"start":{"line":67,"column":10},"end":{"line":73,"column":11}},{"start":{"line":67,"column":10},"end":{"line":73,"column":11}}],"line":67},"9":{"loc":{"start":{"line":67,"column":14},"end":{"line":67,"column":65}},"type":"binary-expr","locations":[{"start":{"line":67,"column":14},"end":{"line":67,"column":39}},{"start":{"line":67,"column":43},"end":{"line":67,"column":65}}],"line":67},"10":{"loc":{"start":{"line":70,"column":17},"end":{"line":73,"column":11}},"type":"if","locations":[{"start":{"line":70,"column":17},"end":{"line":73,"column":11}},{"start":{"line":70,"column":17},"end":{"line":73,"column":11}}],"line":70},"11":{"loc":{"start":{"line":75,"column":15},"end":{"line":81,"column":9}},"type":"if","locations":[{"start":{"line":75,"column":15},"end":{"line":81,"column":9}},{"start":{"line":75,"column":15},"end":{"line":81,"column":9}}],"line":75},"12":{"loc":{"start":{"line":77,"column":10},"end":{"line":79,"column":11}},"type":"if","locations":[{"start":{"line":77,"column":10},"end":{"line":79,"column":11}},{"start":{"line":77,"column":10},"end":{"line":79,"column":11}}],"line":77},"13":{"loc":{"start":{"line":93,"column":4},"end":{"line":95,"column":5}},"type":"if","locations":[{"start":{"line":93,"column":4},"end":{"line":95,"column":5}},{"start":{"line":93,"column":4},"end":{"line":95,"column":5}}],"line":93},"14":{"loc":{"start":{"line":105,"column":23},"end":{"line":105,"column":76}},"type":"cond-expr","locations":[{"start":{"line":105,"column":51},"end":{"line":105,"column":64}},{"start":{"line":105,"column":67},"end":{"line":105,"column":76}}],"line":105},"15":{"loc":{"start":{"line":106,"column":23},"end":{"line":106,"column":52}},"type":"cond-expr","locations":[{"start":{"line":106,"column":39},"end":{"line":106,"column":40}},{"start":{"line":106,"column":43},"end":{"line":106,"column":52}}],"line":106},"16":{"loc":{"start":{"line":108,"column":4},"end":{"line":112,"column":5}},"type":"if","locations":[{"start":{"line":108,"column":4},"end":{"line":112,"column":5}},{"start":{"line":108,"column":4},"end":{"line":112,"column":5}}],"line":108},"17":{"loc":{"start":{"line":110,"column":11},"end":{"line":112,"column":5}},"type":"if","locations":[{"start":{"line":110,"column":11},"end":{"line":112,"column":5}},{"start":{"line":110,"column":11},"end":{"line":112,"column":5}}],"line":110},"18":{"loc":{"start":{"line":119,"column":18},"end":{"line":119,"column":64}},"type":"cond-expr","locations":[{"start":{"line":119,"column":37},"end":{"line":119,"column":59}},{"start":{"line":119,"column":62},"end":{"line":119,"column":64}}],"line":119},"19":{"loc":{"start":{"line":129,"column":4},"end":{"line":131,"column":5}},"type":"if","locations":[{"start":{"line":129,"column":4},"end":{"line":131,"column":5}},{"start":{"line":129,"column":4},"end":{"line":131,"column":5}}],"line":129},"20":{"loc":{"start":{"line":136,"column":8},"end":{"line":138,"column":9}},"type":"if","locations":[{"start":{"line":136,"column":8},"end":{"line":138,"column":9}},{"start":{"line":136,"column":8},"end":{"line":138,"column":9}}],"line":136},"21":{"loc":{"start":{"line":136,"column":12},"end":{"line":136,"column":54}},"type":"binary-expr","locations":[{"start":{"line":136,"column":12},"end":{"line":136,"column":36}},{"start":{"line":136,"column":40},"end":{"line":136,"column":54}}],"line":136},"22":{"loc":{"start":{"line":141,"column":8},"end":{"line":143,"column":9}},"type":"if","locations":[{"start":{"line":141,"column":8},"end":{"line":143,"column":9}},{"start":{"line":141,"column":8},"end":{"line":143,"column":9}}],"line":141},"23":{"loc":{"start":{"line":141,"column":12},"end":{"line":141,"column":54}},"type":"binary-expr","locations":[{"start":{"line":141,"column":12},"end":{"line":141,"column":36}},{"start":{"line":141,"column":40},"end":{"line":141,"column":54}}],"line":141},"24":{"loc":{"start":{"line":154,"column":6},"end":{"line":159,"column":7}},"type":"if","locations":[{"start":{"line":154,"column":6},"end":{"line":159,"column":7}},{"start":{"line":154,"column":6},"end":{"line":159,"column":7}}],"line":154},"25":{"loc":{"start":{"line":169,"column":4},"end":{"line":177,"column":5}},"type":"if","locations":[{"start":{"line":169,"column":4},"end":{"line":177,"column":5}},{"start":{"line":169,"column":4},"end":{"line":177,"column":5}}],"line":169},"26":{"loc":{"start":{"line":183,"column":4},"end":{"line":191,"column":5}},"type":"if","locations":[{"start":{"line":183,"column":4},"end":{"line":191,"column":5}},{"start":{"line":183,"column":4},"end":{"line":191,"column":5}}],"line":183},"27":{"loc":{"start":{"line":195,"column":4},"end":{"line":198,"column":5}},"type":"if","locations":[{"start":{"line":195,"column":4},"end":{"line":198,"column":5}},{"start":{"line":195,"column":4},"end":{"line":198,"column":5}}],"line":195},"28":{"loc":{"start":{"line":202,"column":4},"end":{"line":217,"column":5}},"type":"if","locations":[{"start":{"line":202,"column":4},"end":{"line":217,"column":5}},{"start":{"line":202,"column":4},"end":{"line":217,"column":5}}],"line":202},"29":{"loc":{"start":{"line":202,"column":8},"end":{"line":202,"column":38}},"type":"binary-expr","locations":[{"start":{"line":202,"column":8},"end":{"line":202,"column":11}},{"start":{"line":202,"column":15},"end":{"line":202,"column":38}}],"line":202},"30":{"loc":{"start":{"line":226,"column":4},"end":{"line":226,"column":39}},"type":"if","locations":[{"start":{"line":226,"column":4},"end":{"line":226,"column":39}},{"start":{"line":226,"column":4},"end":{"line":226,"column":39}}],"line":226},"31":{"loc":{"start":{"line":232,"column":23},"end":{"line":232,"column":76}},"type":"cond-expr","locations":[{"start":{"line":232,"column":51},"end":{"line":232,"column":64}},{"start":{"line":232,"column":67},"end":{"line":232,"column":76}}],"line":232},"32":{"loc":{"start":{"line":233,"column":23},"end":{"line":233,"column":52}},"type":"cond-expr","locations":[{"start":{"line":233,"column":39},"end":{"line":233,"column":40}},{"start":{"line":233,"column":43},"end":{"line":233,"column":52}}],"line":233},"33":{"loc":{"start":{"line":243,"column":11},"end":{"line":285,"column":12}},"type":"cond-expr","locations":[{"start":{"line":244,"column":6},"end":{"line":284,"column":16}},{"start":{"line":285,"column":8},"end":{"line":285,"column":12}}],"line":243},"34":{"loc":{"start":{"line":250,"column":11},"end":{"line":255,"column":11}},"type":"binary-expr","locations":[{"start":{"line":250,"column":11},"end":{"line":250,"column":28}},{"start":{"line":251,"column":12},"end":{"line":254,"column":18}}],"line":250},"35":{"loc":{"start":{"line":261,"column":18},"end":{"line":261,"column":67}},"type":"cond-expr","locations":[{"start":{"line":261,"column":36},"end":{"line":261,"column":63}},{"start":{"line":261,"column":66},"end":{"line":261,"column":67}}],"line":261},"36":{"loc":{"start":{"line":270,"column":17},"end":{"line":279,"column":27}},"type":"cond-expr","locations":[{"start":{"line":271,"column":18},"end":{"line":278,"column":25}},{"start":{"line":279,"column":20},"end":{"line":279,"column":27}}],"line":270}},"s":{"0":1,"1":3,"2":3,"3":3,"4":0,"5":0,"6":0,"7":0,"8":0,"9":0,"10":0,"11":0,"12":0,"13":0,"14":0,"15":0,"16":0,"17":0,"18":0,"19":0,"20":0,"21":0,"22":0,"23":0,"24":0,"25":0,"26":0,"27":0,"28":0,"29":0,"30":0,"31":0,"32":0,"33":0,"34":0,"35":0,"36":0,"37":0,"38":0,"39":0,"40":0,"41":4,"42":4,"43":4,"44":4,"45":4,"46":4,"47":2,"48":2,"49":0,"50":4,"51":0,"52":0,"53":0,"54":0,"55":0,"56":0,"57":0,"58":0,"59":0,"60":0,"61":0,"62":0,"63":0,"64":0,"65":0,"66":0,"67":0,"68":0,"69":0,"70":0,"71":0,"72":0,"73":0,"74":0,"75":0,"76":0,"77":0,"78":0,"79":0,"80":0,"81":0,"82":0,"83":0,"84":0,"85":0,"86":0,"87":0,"88":0,"89":0,"90":3,"91":1,"92":1,"93":1,"94":1,"95":1,"96":1,"97":1,"98":0,"99":0,"100":0,"101":0,"102":0,"103":4,"104":4,"105":4,"106":4,"107":4,"108":4,"109":10},"f":{"0":3,"1":0,"2":0,"3":0,"4":0,"5":0,"6":0,"7":4,"8":0,"9":0,"10":0,"11":0,"12":0,"13":0,"14":0,"15":0,"16":0,"17":0,"18":0,"19":3,"20":1,"21":1,"22":0,"23":4,"24":10},"b":{"0":[3,2],"1":[3,2],"2":[0,0],"3":[0,0],"4":[0,0],"5":[0,0],"6":[0,0],"7":[0,0],"8":[0,0],"9":[0,0],"10":[0,0],"11":[0,0],"12":[0,0],"13":[0,0],"14":[0,4],"15":[2,2],"16":[2,2],"17":[0,2],"18":[0,0],"19":[0,0],"20":[0,0],"21":[0,0],"22":[0,0],"23":[0,0],"24":[0,0],"25":[0,0],"26":[0,0],"27":[0,0],"28":[1,2],"29":[3,1],"30":[0,0],"31":[0,4],"32":[2,2],"33":[4,0],"34":[4,4],"35":[0,4],"36":[1,9]},"_coverageSchema":"332fd63041d2c1bcb487cc26dd0d5f7d97098a6c","hash":"c23f3e3584f7987ff958d8a2be52d521e46077c7"}
,"/Users/loading/mycode/react-image-viewer/src/Overlay/index.jsx": {"path":"/Users/loading/mycode/react-image-viewer/src/Overlay/index.jsx","statementMap":{"0":{"start":{"line":5,"column":27},"end":{"line":5,"column":31}},"1":{"start":{"line":6,"column":21},"end":{"line":6,"column":22}},"2":{"start":{"line":12,"column":6},"end":{"line":12,"column":27}},"3":{"start":{"line":18,"column":4},"end":{"line":20,"column":5}},"4":{"start":{"line":19,"column":6},"end":{"line":19,"column":30}},"5":{"start":{"line":21,"column":19},"end":{"line":21,"column":46}},"6":{"start":{"line":22,"column":4},"end":{"line":22,"column":34}},"7":{"start":{"line":26,"column":4},"end":{"line":32,"column":5}},"8":{"start":{"line":27,"column":6},"end":{"line":31,"column":7}},"9":{"start":{"line":28,"column":8},"end":{"line":28,"column":32}},"10":{"start":{"line":30,"column":8},"end":{"line":30,"column":30}},"11":{"start":{"line":33,"column":26},"end":{"line":33,"column":53}},"12":{"start":{"line":34,"column":22},"end":{"line":34,"column":47}},"13":{"start":{"line":36,"column":4},"end":{"line":39,"column":5}},"14":{"start":{"line":37,"column":6},"end":{"line":37,"column":43}},"15":{"start":{"line":38,"column":6},"end":{"line":38,"column":39}},"16":{"start":{"line":43,"column":19},"end":{"line":43,"column":46}},"17":{"start":{"line":44,"column":4},"end":{"line":44,"column":44}},"18":{"start":{"line":44,"column":37},"end":{"line":44,"column":44}},"19":{"start":{"line":45,"column":4},"end":{"line":45,"column":34}},"20":{"start":{"line":46,"column":4},"end":{"line":46,"column":26}},"21":{"start":{"line":50,"column":4},"end":{"line":52,"column":5}},"22":{"start":{"line":51,"column":6},"end":{"line":51,"column":13}},"23":{"start":{"line":53,"column":4},"end":{"line":53,"column":24}},"24":{"start":{"line":54,"column":4},"end":{"line":58,"column":5}},"25":{"start":{"line":55,"column":19},"end":{"line":55,"column":32}},"26":{"start":{"line":56,"column":6},"end":{"line":56,"column":49}},"27":{"start":{"line":57,"column":6},"end":{"line":57,"column":37}},"28":{"start":{"line":62,"column":4},"end":{"line":65,"column":5}},"29":{"start":{"line":63,"column":6},"end":{"line":63,"column":26}},"30":{"start":{"line":64,"column":6},"end":{"line":64,"column":26}},"31":{"start":{"line":67,"column":4},"end":{"line":71,"column":5}},"32":{"start":{"line":68,"column":19},"end":{"line":68,"column":32}},"33":{"start":{"line":69,"column":6},"end":{"line":69,"column":55}},"34":{"start":{"line":70,"column":6},"end":{"line":70,"column":34}},"35":{"start":{"line":77,"column":8},"end":{"line":77,"column":18}},"36":{"start":{"line":78,"column":4},"end":{"line":96,"column":6}}},"fnMap":{"0":{"name":"(anonymous_0)","decl":{"start":{"line":17,"column":2},"end":{"line":17,"column":3}},"loc":{"start":{"line":17,"column":22},"end":{"line":23,"column":3}},"line":17},"1":{"name":"(anonymous_1)","decl":{"start":{"line":25,"column":2},"end":{"line":25,"column":3}},"loc":{"start":{"line":25,"column":38},"end":{"line":40,"column":3}},"line":25},"2":{"name":"(anonymous_2)","decl":{"start":{"line":42,"column":2},"end":{"line":42,"column":3}},"loc":{"start":{"line":42,"column":25},"end":{"line":47,"column":3}},"line":42},"3":{"name":"(anonymous_3)","decl":{"start":{"line":49,"column":2},"end":{"line":49,"column":3}},"loc":{"start":{"line":49,"column":21},"end":{"line":59,"column":3}},"line":49},"4":{"name":"(anonymous_4)","decl":{"start":{"line":61,"column":2},"end":{"line":61,"column":3}},"loc":{"start":{"line":61,"column":19},"end":{"line":72,"column":3}},"line":61},"5":{"name":"(anonymous_5)","decl":{"start":{"line":74,"column":2},"end":{"line":74,"column":3}},"loc":{"start":{"line":74,"column":11},"end":{"line":97,"column":3}},"line":74}},"branchMap":{"0":{"loc":{"start":{"line":18,"column":4},"end":{"line":20,"column":5}},"type":"if","locations":[{"start":{"line":18,"column":4},"end":{"line":20,"column":5}},{"start":{"line":18,"column":4},"end":{"line":20,"column":5}}],"line":18},"1":{"loc":{"start":{"line":26,"column":4},"end":{"line":32,"column":5}},"type":"if","locations":[{"start":{"line":26,"column":4},"end":{"line":32,"column":5}},{"start":{"line":26,"column":4},"end":{"line":32,"column":5}}],"line":26},"2":{"loc":{"start":{"line":27,"column":6},"end":{"line":31,"column":7}},"type":"if","locations":[{"start":{"line":27,"column":6},"end":{"line":31,"column":7}},{"start":{"line":27,"column":6},"end":{"line":31,"column":7}}],"line":27},"3":{"loc":{"start":{"line":36,"column":4},"end":{"line":39,"column":5}},"type":"if","locations":[{"start":{"line":36,"column":4},"end":{"line":39,"column":5}},{"start":{"line":36,"column":4},"end":{"line":39,"column":5}}],"line":36},"4":{"loc":{"start":{"line":44,"column":4},"end":{"line":44,"column":44}},"type":"if","locations":[{"start":{"line":44,"column":4},"end":{"line":44,"column":44}},{"start":{"line":44,"column":4},"end":{"line":44,"column":44}}],"line":44},"5":{"loc":{"start":{"line":44,"column":8},"end":{"line":44,"column":35}},"type":"binary-expr","locations":[{"start":{"line":44,"column":8},"end":{"line":44,"column":18}},{"start":{"line":44,"column":22},"end":{"line":44,"column":35}}],"line":44},"6":{"loc":{"start":{"line":50,"column":4},"end":{"line":52,"column":5}},"type":"if","locations":[{"start":{"line":50,"column":4},"end":{"line":52,"column":5}},{"start":{"line":50,"column":4},"end":{"line":52,"column":5}}],"line":50},"7":{"loc":{"start":{"line":54,"column":4},"end":{"line":58,"column":5}},"type":"if","locations":[{"start":{"line":54,"column":4},"end":{"line":58,"column":5}},{"start":{"line":54,"column":4},"end":{"line":58,"column":5}}],"line":54},"8":{"loc":{"start":{"line":62,"column":4},"end":{"line":65,"column":5}},"type":"if","locations":[{"start":{"line":62,"column":4},"end":{"line":65,"column":5}},{"start":{"line":62,"column":4},"end":{"line":65,"column":5}}],"line":62},"9":{"loc":{"start":{"line":67,"column":4},"end":{"line":71,"column":5}},"type":"if","locations":[{"start":{"line":67,"column":4},"end":{"line":71,"column":5}},{"start":{"line":67,"column":4},"end":{"line":71,"column":5}}],"line":67},"10":{"loc":{"start":{"line":67,"column":8},"end":{"line":67,"column":61}},"type":"binary-expr","locations":[{"start":{"line":67,"column":8},"end":{"line":67,"column":28}},{"start":{"line":67,"column":32},"end":{"line":67,"column":61}}],"line":67},"11":{"loc":{"start":{"line":69,"column":28},"end":{"line":69,"column":54}},"type":"binary-expr","locations":[{"start":{"line":69,"column":28},"end":{"line":69,"column":48}},{"start":{"line":69,"column":52},"end":{"line":69,"column":54}}],"line":69}},"s":{"0":1,"1":1,"2":0,"3":0,"4":0,"5":0,"6":0,"7":0,"8":0,"9":0,"10":0,"11":0,"12":0,"13":0,"14":0,"15":0,"16":0,"17":0,"18":0,"19":0,"20":0,"21":0,"22":0,"23":0,"24":0,"25":0,"26":0,"27":0,"28":0,"29":0,"30":0,"31":0,"32":0,"33":0,"34":0,"35":0,"36":0},"f":{"0":0,"1":0,"2":0,"3":0,"4":0,"5":0},"b":{"0":[0,0],"1":[0,0],"2":[0,0],"3":[0,0],"4":[0,0],"5":[0,0],"6":[0,0],"7":[0,0],"8":[0,0],"9":[0,0],"10":[0,0],"11":[0,0]},"_coverageSchema":"332fd63041d2c1bcb487cc26dd0d5f7d97098a6c","hash":"b6f525515b9a2368f2bef5259953612123fd809b"}
,"/Users/loading/mycode/react-image-viewer/src/utils/resizeImage.js": {"path":"/Users/loading/mycode/react-image-viewer/src/utils/resizeImage.js","statementMap":{"0":{"start":{"line":2,"column":22},"end":{"line":2,"column":39}},"1":{"start":{"line":3,"column":23},"end":{"line":3,"column":41}},"2":{"start":{"line":4,"column":22},"end":{"line":4,"column":48}},"3":{"start":{"line":5,"column":21},"end":{"line":5,"column":45}},"4":{"start":{"line":6,"column":2},"end":{"line":11,"column":3}},"5":{"start":{"line":7,"column":4},"end":{"line":10,"column":6}},"6":{"start":{"line":12,"column":2},"end":{"line":15,"column":4}}},"fnMap":{"0":{"name":"resizeImage","decl":{"start":{"line":1,"column":24},"end":{"line":1,"column":35}},"loc":{"start":{"line":1,"column":61},"end":{"line":16,"column":1}},"line":1}},"branchMap":{"0":{"loc":{"start":{"line":6,"column":2},"end":{"line":11,"column":3}},"type":"if","locations":[{"start":{"line":6,"column":2},"end":{"line":11,"column":3}},{"start":{"line":6,"column":2},"end":{"line":11,"column":3}}],"line":6},"1":{"loc":{"start":{"line":8,"column":13},"end":{"line":8,"column":66}},"type":"cond-expr","locations":[{"start":{"line":8,"column":40},"end":{"line":8,"column":46}},{"start":{"line":8,"column":49},"end":{"line":8,"column":66}}],"line":8},"2":{"loc":{"start":{"line":14,"column":12},"end":{"line":14,"column":67}},"type":"cond-expr","locations":[{"start":{"line":14,"column":41},"end":{"line":14,"column":47}},{"start":{"line":14,"column":50},"end":{"line":14,"column":67}}],"line":14}},"s":{"0":1,"1":1,"2":1,"3":1,"4":1,"5":0,"6":1},"f":{"0":1},"b":{"0":[0,1],"1":[0,0],"2":[0,1]},"_coverageSchema":"332fd63041d2c1bcb487cc26dd0d5f7d97098a6c","hash":"a3790e71821ca120c8d58431a243231259bd9a01"}
,"/Users/loading/mycode/react-image-viewer/src/utils/touchEmulator.js": {"path":"/Users/loading/mycode/react-image-viewer/src/utils/touchEmulator.js","statementMap":{"0":{"start":{"line":2,"column":13},"end":{"line":2,"column":18}},"1":{"start":{"line":4,"column":4},"end":{"line":4,"column":27}},"2":{"start":{"line":5,"column":4},"end":{"line":5,"column":28}},"3":{"start":{"line":8,"column":4},"end":{"line":24,"column":7}},"4":{"start":{"line":9,"column":6},"end":{"line":20,"column":7}},"5":{"start":{"line":10,"column":22},"end":{"line":14,"column":9}},"6":{"start":{"line":15,"column":25},"end":{"line":15,"column":52}},"7":{"start":{"line":16,"column":8},"end":{"line":16,"column":35}},"8":{"start":{"line":17,"column":8},"end":{"line":17,"column":42}},"9":{"start":{"line":18,"column":8},"end":{"line":18,"column":31}},"10":{"start":{"line":19,"column":8},"end":{"line":19,"column":35}},"11":{"start":{"line":21,"column":6},"end":{"line":23,"column":7}},"12":{"start":{"line":22,"column":8},"end":{"line":22,"column":25}},"13":{"start":{"line":26,"column":2},"end":{"line":26,"column":43}},"14":{"start":{"line":27,"column":2},"end":{"line":27,"column":42}},"15":{"start":{"line":28,"column":2},"end":{"line":28,"column":40}},"16":{"start":{"line":29,"column":2},"end":{"line":29,"column":41}},"17":{"start":{"line":30,"column":2},"end":{"line":30,"column":43}},"18":{"start":{"line":31,"column":2},"end":{"line":31,"column":62}},"19":{"start":{"line":32,"column":2},"end":{"line":32,"column":62}},"20":{"start":{"line":33,"column":2},"end":{"line":33,"column":60}},"21":{"start":{"line":34,"column":2},"end":{"line":34,"column":61}}},"fnMap":{"0":{"name":"touchEmulator","decl":{"start":{"line":1,"column":24},"end":{"line":1,"column":37}},"loc":{"start":{"line":1,"column":42},"end":{"line":35,"column":1}},"line":1},"1":{"name":"preventMouseEvents","decl":{"start":{"line":3,"column":11},"end":{"line":3,"column":29}},"loc":{"start":{"line":3,"column":37},"end":{"line":6,"column":3}},"line":3},"2":{"name":"trigger","decl":{"start":{"line":7,"column":11},"end":{"line":7,"column":18}},"loc":{"start":{"line":7,"column":54},"end":{"line":25,"column":3}},"line":7},"3":{"name":"(anonymous_3)","decl":{"start":{"line":8,"column":36},"end":{"line":8,"column":37}},"loc":{"start":{"line":8,"column":45},"end":{"line":24,"column":5}},"line":8}},"branchMap":{"0":{"loc":{"start":{"line":9,"column":6},"end":{"line":20,"column":7}},"type":"if","locations":[{"start":{"line":9,"column":6},"end":{"line":20,"column":7}},{"start":{"line":9,"column":6},"end":{"line":20,"column":7}}],"line":9},"1":{"loc":{"start":{"line":9,"column":10},"end":{"line":9,"column":45}},"type":"binary-expr","locations":[{"start":{"line":9,"column":10},"end":{"line":9,"column":37}},{"start":{"line":9,"column":41},"end":{"line":9,"column":45}}],"line":9},"2":{"loc":{"start":{"line":21,"column":6},"end":{"line":23,"column":7}},"type":"if","locations":[{"start":{"line":21,"column":6},"end":{"line":23,"column":7}},{"start":{"line":21,"column":6},"end":{"line":23,"column":7}}],"line":21}},"s":{"0":0,"1":0,"2":0,"3":0,"4":0,"5":0,"6":0,"7":0,"8":0,"9":0,"10":0,"11":0,"12":0,"13":0,"14":0,"15":0,"16":0,"17":0,"18":0,"19":0,"20":0,"21":0},"f":{"0":0,"1":0,"2":0,"3":0},"b":{"0":[0,0],"1":[0,0],"2":[0,0]},"_coverageSchema":"332fd63041d2c1bcb487cc26dd0d5f7d97098a6c","hash":"5f3e20e211c8fa2c503ae45f2d02e00179ad6049"}
}
