TN:
SF:/Users/loading/mycode/react-image-viewer/src/ImageControllerCreator/index.js
FN:11,(anonymous_0)
FN:20,(anonymous_1)
FN:25,(anonymous_2)
FN:45,(anonymous_3)
FN:62,(anonymous_4)
FN:93,(anonymous_5)
FN:106,(anonymous_6)
FN:116,(anonymous_7)
FN:122,(anonymous_8)
FN:129,(anonymous_9)
FNF:10
FNH:0
FNDA:0,(anonymous_0)
FNDA:0,(anonymous_1)
FNDA:0,(anonymous_2)
FNDA:0,(anonymous_3)
FNDA:0,(anonymous_4)
FNDA:0,(anonymous_5)
FNDA:0,(anonymous_6)
FNDA:0,(anonymous_7)
FNDA:0,(anonymous_8)
FNDA:0,(anonymous_9)
DA:12,0
DA:13,0
DA:14,0
DA:15,0
DA:16,0
DA:17,0
DA:21,0
DA:22,0
DA:26,0
DA:27,0
DA:34,0
DA:35,0
DA:38,0
DA:39,0
DA:41,0
DA:42,0
DA:46,0
DA:50,0
DA:51,0
DA:52,0
DA:53,0
DA:54,0
DA:56,0
DA:63,0
DA:64,0
DA:65,0
DA:66,0
DA:70,0
DA:71,0
DA:72,0
DA:74,0
DA:78,0
DA:79,0
DA:81,0
DA:82,0
DA:83,0
DA:85,0
DA:87,0
DA:94,0
DA:95,0
DA:103,0
DA:107,0
DA:108,0
DA:109,0
DA:110,0
DA:111,0
DA:112,0
DA:117,0
DA:123,0
DA:130,0
LF:50
LH:0
BRDA:11,0,0,0
BRDA:38,1,0,0
BRDA:38,1,1,0
BRDA:53,2,0,0
BRDA:53,2,1,0
BRDA:53,3,0,0
BRDA:53,3,1,0
BRDA:53,3,2,0
BRDA:66,4,0,0
BRDA:66,4,1,0
BRDA:67,5,0,0
BRDA:67,5,1,0
BRDA:74,6,0,0
BRDA:74,6,1,0
BRDA:75,7,0,0
BRDA:75,7,1,0
BRDA:81,8,0,0
BRDA:81,8,1,0
BRDA:81,9,0,0
BRDA:81,9,1,0
BRDA:81,9,2,0
BRDA:107,10,0,0
BRDA:109,11,0,0
BRDA:109,11,1,0
BRDA:109,12,0,0
BRDA:109,12,1,0
BRDA:111,13,0,0
BRDA:111,13,1,0
BRF:28
BRH:0
end_of_record
TN:
SF:/Users/loading/mycode/react-image-viewer/src/ImageSlides/index.jsx
FN:26,(anonymous_0)
FN:35,(anonymous_1)
FN:50,(anonymous_2)
FN:60,(anonymous_3)
FN:64,(anonymous_4)
FN:92,(anonymous_5)
FN:98,(anonymous_6)
FN:102,(anonymous_7)
FN:116,(anonymous_8)
FN:127,(anonymous_9)
FN:135,(anonymous_10)
FN:140,(anonymous_11)
FN:147,(anonymous_12)
FN:150,(anonymous_13)
FN:153,(anonymous_14)
FN:161,(anonymous_15)
FN:166,(anonymous_16)
FN:180,(anonymous_17)
FN:194,(anonymous_18)
FN:201,(anonymous_19)
FN:204,(anonymous_20)
FN:208,(anonymous_21)
FN:220,(anonymous_22)
FN:229,(anonymous_23)
FN:264,(anonymous_24)
FNF:25
FNH:7
FNDA:3,(anonymous_0)
FNDA:0,(anonymous_1)
FNDA:0,(anonymous_2)
FNDA:0,(anonymous_3)
FNDA:0,(anonymous_4)
FNDA:0,(anonymous_5)
FNDA:0,(anonymous_6)
FNDA:4,(anonymous_7)
FNDA:0,(anonymous_8)
FNDA:0,(anonymous_9)
FNDA:0,(anonymous_10)
FNDA:0,(anonymous_11)
FNDA:0,(anonymous_12)
FNDA:0,(anonymous_13)
FNDA:0,(anonymous_14)
FNDA:0,(anonymous_15)
FNDA:0,(anonymous_16)
FNDA:0,(anonymous_17)
FNDA:0,(anonymous_18)
FNDA:3,(anonymous_19)
FNDA:1,(anonymous_20)
FNDA:1,(anonymous_21)
FNDA:0,(anonymous_22)
FNDA:4,(anonymous_23)
FNDA:10,(anonymous_24)
DA:9,1
DA:27,3
DA:28,3
DA:32,3
DA:36,0
DA:37,0
DA:38,0
DA:39,0
DA:43,0
DA:44,0
DA:51,0
DA:52,0
DA:53,0
DA:54,0
DA:55,0
DA:56,0
DA:57,0
DA:58,0
DA:60,0
DA:61,0
DA:63,0
DA:64,0
DA:65,0
DA:66,0
DA:67,0
DA:68,0
DA:70,0
DA:71,0
DA:74,0
DA:75,0
DA:76,0
DA:77,0
DA:78,0
DA:80,0
DA:82,0
DA:83,0
DA:86,0
DA:87,0
DA:93,0
DA:94,0
DA:99,0
DA:103,4
DA:104,4
DA:105,4
DA:106,4
DA:107,4
DA:108,4
DA:109,2
DA:110,2
DA:111,0
DA:113,4
DA:117,0
DA:118,0
DA:119,0
DA:120,0
DA:122,0
DA:124,0
DA:128,0
DA:129,0
DA:130,0
DA:132,0
DA:136,0
DA:137,0
DA:141,0
DA:142,0
DA:146,0
DA:147,0
DA:148,0
DA:150,0
DA:151,0
DA:153,0
DA:154,0
DA:155,0
DA:157,0
DA:158,0
DA:161,0
DA:162,0
DA:167,0
DA:168,0
DA:169,0
DA:170,0
DA:176,0
DA:181,0
DA:182,0
DA:183,0
DA:184,0
DA:190,0
DA:195,0
DA:196,0
DA:197,0
DA:202,3
DA:203,1
DA:204,1
DA:205,1
DA:206,1
DA:207,1
DA:209,1
DA:210,1
DA:221,0
DA:222,0
DA:223,0
DA:226,0
DA:230,4
DA:231,4
DA:232,4
DA:233,4
DA:235,4
DA:243,4
DA:265,10
LF:109
LH:28
BRDA:29,0,0,3
BRDA:29,0,1,2
BRDA:32,1,0,3
BRDA:32,1,1,2
BRDA:38,2,0,0
BRDA:38,2,1,0
BRDA:43,3,0,0
BRDA:43,3,1,0
BRDA:43,4,0,0
BRDA:43,4,1,0
BRDA:51,5,0,0
BRDA:51,5,1,0
BRDA:57,6,0,0
BRDA:57,6,1,0
BRDA:66,7,0,0
BRDA:66,7,1,0
BRDA:67,8,0,0
BRDA:67,8,1,0
BRDA:67,9,0,0
BRDA:67,9,1,0
BRDA:70,10,0,0
BRDA:70,10,1,0
BRDA:75,11,0,0
BRDA:75,11,1,0
BRDA:77,12,0,0
BRDA:77,12,1,0
BRDA:93,13,0,0
BRDA:93,13,1,0
BRDA:105,14,0,0
BRDA:105,14,1,4
BRDA:106,15,0,2
BRDA:106,15,1,2
BRDA:108,16,0,2
BRDA:108,16,1,2
BRDA:110,17,0,0
BRDA:110,17,1,2
BRDA:119,18,0,0
BRDA:119,18,1,0
BRDA:129,19,0,0
BRDA:129,19,1,0
BRDA:136,20,0,0
BRDA:136,20,1,0
BRDA:136,21,0,0
BRDA:136,21,1,0
BRDA:141,22,0,0
BRDA:141,22,1,0
BRDA:141,23,0,0
BRDA:141,23,1,0
BRDA:154,24,0,0
BRDA:154,24,1,0
BRDA:169,25,0,0
BRDA:169,25,1,0
BRDA:183,26,0,0
BRDA:183,26,1,0
BRDA:195,27,0,0
BRDA:195,27,1,0
BRDA:202,28,0,1
BRDA:202,28,1,2
BRDA:202,29,0,3
BRDA:202,29,1,1
BRDA:226,30,0,0
BRDA:226,30,1,0
BRDA:232,31,0,0
BRDA:232,31,1,4
BRDA:233,32,0,2
BRDA:233,32,1,2
BRDA:243,33,0,4
BRDA:243,33,1,0
BRDA:250,34,0,4
BRDA:250,34,1,4
BRDA:261,35,0,0
BRDA:261,35,1,4
BRDA:270,36,0,1
BRDA:270,36,1,9
BRF:74
BRH:23
end_of_record
TN:
SF:/Users/loading/mycode/react-image-viewer/src/Overlay/index.jsx
FN:17,(anonymous_0)
FN:25,(anonymous_1)
FN:42,(anonymous_2)
FN:49,(anonymous_3)
FN:61,(anonymous_4)
FN:74,(anonymous_5)
FNF:6
FNH:0
FNDA:0,(anonymous_0)
FNDA:0,(anonymous_1)
FNDA:0,(anonymous_2)
FNDA:0,(anonymous_3)
FNDA:0,(anonymous_4)
FNDA:0,(anonymous_5)
DA:5,1
DA:6,1
DA:12,0
DA:18,0
DA:19,0
DA:21,0
DA:22,0
DA:26,0
DA:27,0
DA:28,0
DA:30,0
DA:33,0
DA:34,0
DA:36,0
DA:37,0
DA:38,0
DA:43,0
DA:44,0
DA:45,0
DA:46,0
DA:50,0
DA:51,0
DA:53,0
DA:54,0
DA:55,0
DA:56,0
DA:57,0
DA:62,0
DA:63,0
DA:64,0
DA:67,0
DA:68,0
DA:69,0
DA:70,0
DA:77,0
DA:78,0
LF:36
LH:2
BRDA:18,0,0,0
BRDA:18,0,1,0
BRDA:26,1,0,0
BRDA:26,1,1,0
BRDA:27,2,0,0
BRDA:27,2,1,0
BRDA:36,3,0,0
BRDA:36,3,1,0
BRDA:44,4,0,0
BRDA:44,4,1,0
BRDA:44,5,0,0
BRDA:44,5,1,0
BRDA:50,6,0,0
BRDA:50,6,1,0
BRDA:54,7,0,0
BRDA:54,7,1,0
BRDA:62,8,0,0
BRDA:62,8,1,0
BRDA:67,9,0,0
BRDA:67,9,1,0
BRDA:67,10,0,0
BRDA:67,10,1,0
BRDA:69,11,0,0
BRDA:69,11,1,0
BRF:24
BRH:0
end_of_record
TN:
SF:/Users/loading/mycode/react-image-viewer/src/utils/resizeImage.js
FN:1,resizeImage
FNF:1
FNH:1
FNDA:1,resizeImage
DA:2,1
DA:3,1
DA:4,1
DA:5,1
DA:6,1
DA:7,0
DA:12,1
LF:7
LH:6
BRDA:6,0,0,0
BRDA:6,0,1,1
BRDA:8,1,0,0
BRDA:8,1,1,0
BRDA:14,2,0,0
BRDA:14,2,1,1
BRF:6
BRH:2
end_of_record
TN:
SF:/Users/loading/mycode/react-image-viewer/src/utils/touchEmulator.js
FN:1,touchEmulator
FN:3,preventMouseEvents
FN:7,trigger
FN:8,(anonymous_3)
FNF:4
FNH:0
FNDA:0,touchEmulator
FNDA:0,preventMouseEvents
FNDA:0,trigger
FNDA:0,(anonymous_3)
DA:2,0
DA:4,0
DA:5,0
DA:8,0
DA:9,0
DA:10,0
DA:15,0
DA:16,0
DA:17,0
DA:18,0
DA:19,0
DA:21,0
DA:22,0
DA:26,0
DA:27,0
DA:28,0
DA:29,0
DA:30,0
DA:31,0
DA:32,0
DA:33,0
DA:34,0
LF:22
LH:0
BRDA:9,0,0,0
BRDA:9,0,1,0
BRDA:9,1,0,0
BRDA:9,1,1,0
BRDA:21,2,0,0
BRDA:21,2,1,0
BRF:6
BRH:0
end_of_record
